@storybook/cli v7.2.3

info => Cleaning outputDir: C:\Users\KATHAR~1.HE\AppData\Local\Temp\chromatic--54948-nw04HlL7kyye
info => Loading presets
info Found existing addon {"name":"@storybook/addon-docs","options":{"jsxOptions":{},"csfPluginOptions":null,"mdxPluginOptions":{},"configureJSX":true}}, skipping.
info Found existing addon {"name":"@storybook/addon-docs","options":{"jsxOptions":{},"csfPluginOptions":null,"mdxPluginOptions":{},"configureJSX":true}}, skipping.
info => Building manager..
info => Manager built (4.66 s)
info => Compiling preview..
info => Copying static files: C:\Users\katharine.he\Desktop\tpg_ds\my-app\node_modules\storybook\node_modules\@storybook\manager\static at C:\Users\KATHAR~1.HE\AppData\Local\Temp\chromatic--54948-nw04HlL7kyye\sb-common-assets
WARN You (or an addon) are using the 'config' preset field. This has been replaced by 'previewAnnotations' and will be removed in 8.0
info => Loading Webpack configuration from `node_modules\react-scripts`
info => Removing existing JavaScript and TypeScript rules.
info => Modifying Create React App rules.
info Addon-docs: using MDX2
info => Using default Webpack5 setup
<s> [webpack.Progress] 0% 

<s> [webpack.Progress] 1% setup before run
<s> [webpack.Progress] 1% setup before run NodeEnvironmentPlugin
<s> [webpack.Progress] 1% setup before run
<s> [webpack.Progress] 2% setup run
<s> [webpack.Progress] 2% setup run ForkTsCheckerWebpackPlugin
<s> [webpack.Progress] 2% setup run ESLintWebpackPlugin_1
<s> [webpack.Progress] 2% setup run
<s> [webpack.Progress] 4% setup normal module factory
<s> [webpack.Progress] 4% setup normal module factory CaseSensitivePathsPlugin
<s> [webpack.Progress] 4% setup normal module factory ModuleNotFoundPlugin
<s> [webpack.Progress] 4% setup normal module factory IgnorePlugin
<s> [webpack.Progress] 4% setup normal module factory
<s> [webpack.Progress] 5% setup context module factory
<s> [webpack.Progress] 5% setup context module factory IgnorePlugin
<s> [webpack.Progress] 5% setup context module factory
<s> [webpack.Progress] 6% setup before compile
<s> [webpack.Progress] 6% setup before compile ProgressPlugin
<s> [webpack.Progress] 6% setup before compile
<s> [webpack.Progress] 7% setup compile
<s> [webpack.Progress] 7% setup compile ExternalsPlugin
<s> [webpack.Progress] 7% setup compile ExternalsPlugin
<s> [webpack.Progress] 7% setup compile
<s> [webpack.Progress] 8% setup compilation
<s> [webpack.Progress] 8% setup compilation mini-css-extract-plugin
<s> [webpack.Progress] 8% setup compilation ArrayPushCallbackChunkFormatPlugin
<s> [webpack.Progress] 8% setup compilation JsonpChunkLoadingPlugin
<s> [webpack.Progress] 8% setup compilation StartupChunkDependenciesPlugin
<s> [webpack.Progress] 8% setup compilation ImportScriptsChunkLoadingPlugin
<s> [webpack.Progress] 8% setup compilation FetchCompileWasmPlugin
<s> [webpack.Progress] 8% setup compilation FetchCompileAsyncWasmPlugin
<s> [webpack.Progress] 8% setup compilation WorkerPlugin
<s> [webpack.Progress] 8% setup compilation SplitChunksPlugin
<s> [webpack.Progress] 8% setup compilation RuntimeChunkPlugin
<s> [webpack.Progress] 8% setup compilation ResolverCachePlugin
<s> [webpack.Progress] 8% setup compilation HtmlWebpackPlugin
<s> [webpack.Progress] 8% setup compilation StorybookDesignTokenPlugin
<s> [webpack.Progress] 8% setup compilation
<s> [webpack.Progress] 9% setup compilation
<s> [webpack.Progress] 9% setup compilation DefinePlugin
<s> [webpack.Progress] 9% setup compilation ProvidePlugin
<s> [webpack.Progress] 9% setup compilation ProgressPlugin
<s> [webpack.Progress] 9% setup compilation InlineChunkHtmlPlugin
<s> [webpack.Progress] 9% setup compilation InterpolateHtmlPlugin
<s> [webpack.Progress] 9% setup compilation mini-css-extract-plugin
<s> [webpack.Progress] 9% setup compilation ForkTsCheckerWebpackPlugin
<s> [webpack.Progress] 9% setup compilation DocGenPlugin
<s> [webpack.Progress] 9% setup compilation ChunkPrefetchPreloadPlugin
<s> [webpack.Progress] 9% setup compilation SourceMapDevToolPlugin
<s> [webpack.Progress] 9% setup compilation JavascriptModulesPlugin
<s> [webpack.Progress] 9% setup compilation JsonModulesPlugin
<s> [webpack.Progress] 9% setup compilation AssetModulesPlugin
<s> [webpack.Progress] 9% setup compilation EntryPlugin
<s> [webpack.Progress] 9% setup compilation RuntimePlugin
<s> [webpack.Progress] 9% setup compilation InferAsyncModulesPlugin
<s> [webpack.Progress] 9% setup compilation DataUriPlugin
<s> [webpack.Progress] 9% setup compilation FileUriPlugin
<s> [webpack.Progress] 9% setup compilation CompatibilityPlugin
<s> [webpack.Progress] 9% setup compilation HarmonyModulesPlugin
<s> [webpack.Progress] 9% setup compilation AMDPlugin
<s> [webpack.Progress] 9% setup compilation RequireJsStuffPlugin
<s> [webpack.Progress] 9% setup compilation CommonJsPlugin
<s> [webpack.Progress] 9% setup compilation LoaderPlugin
<s> [webpack.Progress] 9% setup compilation LoaderPlugin
<s> [webpack.Progress] 9% setup compilation NodeStuffPlugin
<s> [webpack.Progress] 9% setup compilation APIPlugin
<s> [webpack.Progress] 9% setup compilation ExportsInfoApiPlugin
<s> [webpack.Progress] 9% setup compilation WebpackIsIncludedPlugin
<s> [webpack.Progress] 9% setup compilation ConstPlugin
<s> [webpack.Progress] 9% setup compilation UseStrictPlugin
<s> [webpack.Progress] 9% setup compilation RequireIncludePlugin
<s> [webpack.Progress] 9% setup compilation RequireEnsurePlugin
<s> [webpack.Progress] 9% setup compilation RequireContextPlugin
<s> [webpack.Progress] 9% setup compilation ImportPlugin
<s> [webpack.Progress] 9% setup compilation ImportMetaContextPlugin
<s> [webpack.Progress] 9% setup compilation SystemPlugin
<s> [webpack.Progress] 9% setup compilation ImportMetaPlugin
<s> [webpack.Progress] 9% setup compilation URLPlugin
<s> [webpack.Progress] 9% setup compilation DefaultStatsFactoryPlugin
<s> [webpack.Progress] 9% setup compilation DefaultStatsPresetPlugin
<s> [webpack.Progress] 9% setup compilation DefaultStatsPrinterPlugin
<s> [webpack.Progress] 9% setup compilation JavascriptMetaInfoPlugin
<s> [webpack.Progress] 9% setup compilation EnsureChunkConditionsPlugin
<s> [webpack.Progress] 9% setup compilation RemoveEmptyChunksPlugin
<s> [webpack.Progress] 9% setup compilation MergeDuplicateChunksPlugin
<s> [webpack.Progress] 9% setup compilation FlagIncludedChunksPlugin
<s> [webpack.Progress] 9% setup compilation SideEffectsFlagPlugin
<s> [webpack.Progress] 9% setup compilation FlagDependencyExportsPlugin
<s> [webpack.Progress] 9% setup compilation FlagDependencyUsagePlugin
<s> [webpack.Progress] 9% setup compilation InnerGraphPlugin
<s> [webpack.Progress] 9% setup compilation MangleExportsPlugin
<s> [webpack.Progress] 9% setup compilation ModuleConcatenationPlugin
<s> [webpack.Progress] 9% setup compilation NoEmitOnErrorsPlugin
<s> [webpack.Progress] 9% setup compilation RealContentHashPlugin
<s> [webpack.Progress] 9% setup compilation WasmFinalizeExportsPlugin
<s> [webpack.Progress] 9% setup compilation NamedModuleIdsPlugin
<s> [webpack.Progress] 9% setup compilation DeterministicChunkIdsPlugin
<s> [webpack.Progress] 9% setup compilation DefinePlugin
<s> [webpack.Progress] 9% setup compilation TerserPlugin
<s> [webpack.Progress] 9% setup compilation TemplatedPathPlugin
<s> [webpack.Progress] 9% setup compilation RecordIdsPlugin
<s> [webpack.Progress] 9% setup compilation WarnCaseSensitiveModulesPlugin
<s> [webpack.Progress] 9% setup compilation IgnoreWarningsPlugin
<s> [webpack.Progress] 9% setup compilation ESLintWebpackPlugin_1
<s> [webpack.Progress] 9% setup compilation
<s> [webpack.Progress] 10% building
<s> [webpack.Progress] 10% building 0/1 entries 0/0 dependencies 0/0 modules
<s> [webpack.Progress] 10% building 0/1 entries 1/1 dependencies 0/0 modules
<s> [webpack.Progress] 16% building import loader ./node_modules/babel-loader/lib/index.js
<s> [webpack.Progress] 16% building import loader ./node_modules/source-map-loader/dist/cjs.js
<s> [webpack.Progress] 16% building 0/1 entries 18/20 dependencies 2/18 modules
<s> [webpack.Progress] 18% building 0/1 entries 28/82 dependencies 4/26 modules
<s> [webpack.Progress] 20% building import loader ./node_modules/@storybook/mdx2-csf/loader.js
<s> [webpack.Progress] 20% building 0/1 entries 84/115 dependencies 10/55 modules
info => Copying static files: C:\Users\katharine.he\Desktop\tpg_ds\my-app\public at C:\Users\KATHAR~1.HE\AppData\Local\Temp\chromatic--54948-nw04HlL7kyye\
<s> [webpack.Progress] 19% building 0/1 entries 97/193 dependencies 11/65 modules
<s> [webpack.Progress] 18% building import loader ./node_modules/mini-css-extract-plugin/dist/loader.js
<s> [webpack.Progress] 18% building import loader ./node_modules/css-loader/dist/cjs.js
<s> [webpack.Progress] 18% building import loader ./node_modules/postcss-loader/dist/cjs.js
<s> [webpack.Progress] 18% building 0/1 entries 174/218 dependencies 17/112 modules
<s> [webpack.Progress] 23% building import loader ./node_modules/@svgr/webpack/lib/index.js
<s> [webpack.Progress] 23% building import loader ./node_modules/file-loader/dist/cjs.js
<s> [webpack.Progress] 23% building 0/1 entries 201/240 dependencies 30/121 modules
<s> [webpack.Progress] 26% building 0/1 entries 227/253 dependencies 41/137 modules
<s> [webpack.Progress] 26% building 0/1 entries 367/400 dependencies 60/196 modules
<s> [webpack.Progress] 39% building 0/1 entries 585/647 dependencies 159/300 modules
<s> [webpack.Progress] 34% building 0/1 entries 800/836 dependencies 174/395 modules
<s> [webpack.Progress] 36% building 0/1 entries 843/900 dependencies 191/396 modules
<s> [webpack.Progress] 44% building 0/1 entries 1129/1174 dependencies 300/482 modules
<s> [webpack.Progress] 52% building 0/1 entries 1632/1671 dependencies 500/648 modules
<s> [webpack.Progress] 52% building 0/1 entries 2000/2106 dependencies 536/701 modules
<s> [webpack.Progress] 48% building 0/1 entries 2837/3000 dependencies 636/907 modules
<s> [webpack.Progress] 60% building 0/1 entries 3600/3634 dependencies 1061/1156 modules
<s> [webpack.Progress] 65% building 1/1 entries 3936/3936 dependencies 1250/1250 modules
<s> [webpack.Progress] 65% building
<s> [webpack.Progress] 69% building finish
<s> [webpack.Progress] 69% building finish
<s> [webpack.Progress] 70% sealing finish module graph
<s> [webpack.Progress] 70% sealing finish module graph ResolverCachePlugin
<s> [webpack.Progress] 70% sealing finish module graph InferAsyncModulesPlugin
<s> [webpack.Progress] 70% sealing finish module graph FlagDependencyExportsPlugin
<s> [webpack.Progress] 70% sealing finish module graph InnerGraphPlugin
<s> [webpack.Progress] 70% sealing finish module graph WasmFinalizeExportsPlugin
<s> [webpack.Progress] 70% sealing finish module graph ESLintWebpackPlugin_1
<s> [webpack.Progress] 70% sealing finish module graph
<s> [webpack.Progress] 70% sealing plugins
<s> [webpack.Progress] 70% sealing plugins DocGenPlugin
<s> [webpack.Progress] 70% sealing plugins WarnCaseSensitiveModulesPlugin
<s> [webpack.Progress] 70% sealing plugins
<s> [webpack.Progress] 71% sealing dependencies optimization
<s> [webpack.Progress] 71% sealing dependencies optimization SideEffectsFlagPlugin
<s> [webpack.Progress] 71% sealing dependencies optimization FlagDependencyUsagePlugin
<s> [webpack.Progress] 71% sealing dependencies optimization
<s> [webpack.Progress] 71% sealing after dependencies optimization
<s> [webpack.Progress] 71% sealing after dependencies optimization
<s> [webpack.Progress] 72% sealing chunk graph
<s> [webpack.Progress] 72% sealing chunk graph
<s> [webpack.Progress] 73% sealing after chunk graph
<s> [webpack.Progress] 73% sealing after chunk graph
<s> [webpack.Progress] 73% sealing optimizing
<s> [webpack.Progress] 73% sealing optimizing
<s> [webpack.Progress] 74% sealing module optimization
<s> [webpack.Progress] 74% sealing module optimization
<s> [webpack.Progress] 75% sealing after module optimization
<s> [webpack.Progress] 75% sealing after module optimization
<s> [webpack.Progress] 75% sealing chunk optimization
<s> [webpack.Progress] 75% sealing chunk optimization EnsureChunkConditionsPlugin
<s> [webpack.Progress] 75% sealing chunk optimization RemoveEmptyChunksPlugin
<s> [webpack.Progress] 75% sealing chunk optimization MergeDuplicateChunksPlugin
<s> [webpack.Progress] 75% sealing chunk optimization SplitChunksPlugin
<s> [webpack.Progress] 75% sealing chunk optimization RemoveEmptyChunksPlugin
<s> [webpack.Progress] 75% sealing chunk optimization
<s> [webpack.Progress] 76% sealing after chunk optimization
<s> [webpack.Progress] 76% sealing after chunk optimization
<s> [webpack.Progress] 77% sealing module and chunk tree optimization
<s> [webpack.Progress] 77% sealing module and chunk tree optimization PersistentChildCompilerSingletonPlugin
<s> [webpack.Progress] 77% sealing module and chunk tree optimization
<s> [webpack.Progress] 77% sealing after module and chunk tree optimization
<s> [webpack.Progress] 77% sealing after module and chunk tree optimization
<s> [webpack.Progress] 78% sealing chunk modules optimization
<s> [webpack.Progress] 78% sealing chunk modules optimization ModuleConcatenationPlugin
<s> [webpack.Progress] 78% sealing chunk modules optimization
<s> [webpack.Progress] 78% sealing after chunk modules optimization
<s> [webpack.Progress] 78% sealing after chunk modules optimization
<s> [webpack.Progress] 79% sealing module reviving
<s> [webpack.Progress] 79% sealing module reviving RecordIdsPlugin
<s> [webpack.Progress] 79% sealing module reviving
<s> [webpack.Progress] 80% sealing before module ids
<s> [webpack.Progress] 80% sealing before module ids
<s> [webpack.Progress] 80% sealing module ids
<s> [webpack.Progress] 80% sealing module ids NamedModuleIdsPlugin
<s> [webpack.Progress] 80% sealing module ids
<s> [webpack.Progress] 81% sealing module id optimization
<s> [webpack.Progress] 81% sealing module id optimization
<s> [webpack.Progress] 82% sealing module id optimization
<s> [webpack.Progress] 82% sealing module id optimization
<s> [webpack.Progress] 82% sealing chunk reviving
<s> [webpack.Progress] 82% sealing chunk reviving RecordIdsPlugin
<s> [webpack.Progress] 82% sealing chunk reviving
<s> [webpack.Progress] 83% sealing before chunk ids
<s> [webpack.Progress] 83% sealing before chunk ids
<s> [webpack.Progress] 84% sealing chunk ids
<s> [webpack.Progress] 84% sealing chunk ids DeterministicChunkIdsPlugin
<s> [webpack.Progress] 84% sealing chunk ids
<s> [webpack.Progress] 84% sealing chunk id optimization
<s> [webpack.Progress] 84% sealing chunk id optimization FlagIncludedChunksPlugin
<s> [webpack.Progress] 84% sealing chunk id optimization
<s> [webpack.Progress] 85% sealing after chunk id optimization
<s> [webpack.Progress] 85% sealing after chunk id optimization
<s> [webpack.Progress] 86% sealing record modules
<s> [webpack.Progress] 86% sealing record modules RecordIdsPlugin
<s> [webpack.Progress] 86% sealing record modules
<s> [webpack.Progress] 86% sealing record chunks
<s> [webpack.Progress] 86% sealing record chunks RecordIdsPlugin
<s> [webpack.Progress] 86% sealing record chunks
<s> [webpack.Progress] 87% sealing module hashing
<s> [webpack.Progress] 87% sealing module hashing
<s> [webpack.Progress] 87% sealing code generation
<s> [webpack.Progress] 87% sealing code generation
<s> [webpack.Progress] 88% sealing runtime requirements
<s> [webpack.Progress] 88% sealing runtime requirements
<s> [webpack.Progress] 89% sealing hashing
<s> [webpack.Progress] 89% sealing hashing
<s> [webpack.Progress] 89% sealing after hashing
<s> [webpack.Progress] 89% sealing after hashing
<s> [webpack.Progress] 90% sealing record hash
<s> [webpack.Progress] 90% sealing record hash
<s> [webpack.Progress] 91% sealing module assets processing
<s> [webpack.Progress] 91% sealing module assets processing
<s> [webpack.Progress] 91% sealing chunk assets processing
<s> [webpack.Progress] 91% sealing chunk assets processing
<s> [webpack.Progress] 92% sealing asset processing
<s> [webpack.Progress] 92% sealing asset processing ESLintWebpackPlugin_1
<s> [webpack.Progress] 92% sealing asset processing PersistentChildCompilerSingletonPlugin
<s> [webpack.Progress] 92% sealing asset processing TerserPlugin
<s> [webpack.Progress] 92% sealing asset processing SourceMapDevToolPlugin
<s> [webpack.Progress] 92% sealing asset processing SourceMapDevToolPlugin
<s> [webpack.Progress] 92% sealing asset processing SourceMapDevToolPlugin main.0bd54357.iframe.bundle.js generate SourceMap
<s> [webpack.Progress] 92% sealing asset processing SourceMapDevToolPlugin main.0bd54357.iframe.bundle.js generated SourceMap
<s> [webpack.Progress] 92% sealing asset processing SourceMapDevToolPlugin runtime~main.427c9ad7.iframe.bundle.js generate SourceMap
<s> [webpack.Progress] 92% sealing asset processing SourceMapDevToolPlugin runtime~main.427c9ad7.iframe.bundle.js generated SourceMap
<s> [webpack.Progress] 92% sealing asset processing SourceMapDevToolPlugin static/css/design-tokens-Colors-mdx.d620fb1d.chunk.css generate SourceMap
<s> [webpack.Progress] 92% sealing asset processing SourceMapDevToolPlugin static/css/design-tokens-Colors-mdx.d620fb1d.chunk.css generated SourceMap
<s> [webpack.Progress] 92% sealing asset processing SourceMapDevToolPlugin design-tokens-Colors-mdx.e31c251d.iframe.bundle.js generate SourceMap
<s> [webpack.Progress] 92% sealing asset processing SourceMapDevToolPlugin design-tokens-Colors-mdx.e31c251d.iframe.bundle.js generated SourceMap
<s> [webpack.Progress] 92% sealing asset processing SourceMapDevToolPlugin static/css/design-tokens-Grid-mdx.d620fb1d.chunk.css generate SourceMap
<s> [webpack.Progress] 92% sealing asset processing SourceMapDevToolPlugin static/css/design-tokens-Grid-mdx.d620fb1d.chunk.css generated SourceMap
<s> [webpack.Progress] 92% sealing asset processing SourceMapDevToolPlugin design-tokens-Grid-mdx.926d4db3.iframe.bundle.js generate SourceMap
<s> [webpack.Progress] 92% sealing asset processing SourceMapDevToolPlugin design-tokens-Grid-mdx.926d4db3.iframe.bundle.js generated SourceMap
<s> [webpack.Progress] 92% sealing asset processing SourceMapDevToolPlugin static/css/design-tokens-Spacing-mdx.d620fb1d.chunk.css generate SourceMap
<s> [webpack.Progress] 92% sealing asset processing SourceMapDevToolPlugin static/css/design-tokens-Spacing-mdx.d620fb1d.chunk.css generated SourceMap
<s> [webpack.Progress] 92% sealing asset processing SourceMapDevToolPlugin design-tokens-Spacing-mdx.fc8cc52a.iframe.bundle.js generate SourceMap
<s> [webpack.Progress] 92% sealing asset processing SourceMapDevToolPlugin design-tokens-Spacing-mdx.fc8cc52a.iframe.bundle.js generated SourceMap
<s> [webpack.Progress] 92% sealing asset processing SourceMapDevToolPlugin static/css/design-tokens-Typography-mdx.d620fb1d.chunk.css generate SourceMap
<s> [webpack.Progress] 92% sealing asset processing SourceMapDevToolPlugin static/css/design-tokens-Typography-mdx.d620fb1d.chunk.css generated SourceMap
<s> [webpack.Progress] 92% sealing asset processing SourceMapDevToolPlugin design-tokens-Typography-mdx.f1194f6d.iframe.bundle.js generate SourceMap
<s> [webpack.Progress] 92% sealing asset processing SourceMapDevToolPlugin design-tokens-Typography-mdx.f1194f6d.iframe.bundle.js generated SourceMap
<s> [webpack.Progress] 92% sealing asset processing SourceMapDevToolPlugin stories-Configure-mdx.6b45a2c2.iframe.bundle.js generate SourceMap
<s> [webpack.Progress] 92% sealing asset processing SourceMapDevToolPlugin stories-Configure-mdx.6b45a2c2.iframe.bundle.js generated SourceMap
<s> [webpack.Progress] 92% sealing asset processing SourceMapDevToolPlugin static/css/stories-AbandonedCart-stories.8305e361.chunk.css generate SourceMap
<s> [webpack.Progress] 92% sealing asset processing SourceMapDevToolPlugin static/css/stories-AbandonedCart-stories.8305e361.chunk.css generated SourceMap
<s> [webpack.Progress] 92% sealing asset processing SourceMapDevToolPlugin stories-AbandonedCart-stories.31a03965.iframe.bundle.js generate SourceMap
<s> [webpack.Progress] 92% sealing asset processing SourceMapDevToolPlugin stories-AbandonedCart-stories.31a03965.iframe.bundle.js generated SourceMap
<s> [webpack.Progress] 92% sealing asset processing SourceMapDevToolPlugin static/css/stories-Accordion-stories.65b5132f.chunk.css generate SourceMap
<s> [webpack.Progress] 92% sealing asset processing SourceMapDevToolPlugin static/css/stories-Accordion-stories.65b5132f.chunk.css generated SourceMap
<s> [webpack.Progress] 92% sealing asset processing SourceMapDevToolPlugin stories-Accordion-stories.8c262a73.iframe.bundle.js generate SourceMap
<s> [webpack.Progress] 92% sealing asset processing SourceMapDevToolPlugin stories-Accordion-stories.8c262a73.iframe.bundle.js generated SourceMap
<s> [webpack.Progress] 92% sealing asset processing SourceMapDevToolPlugin static/css/stories-AddressLookup-stories.1e69d0ae.chunk.css generate SourceMap
<s> [webpack.Progress] 92% sealing asset processing SourceMapDevToolPlugin static/css/stories-AddressLookup-stories.1e69d0ae.chunk.css generated SourceMap
<s> [webpack.Progress] 92% sealing asset processing SourceMapDevToolPlugin stories-AddressLookup-stories.396a2221.iframe.bundle.js generate SourceMap
<s> [webpack.Progress] 92% sealing asset processing SourceMapDevToolPlugin stories-AddressLookup-stories.396a2221.iframe.bundle.js generated SourceMap
<s> [webpack.Progress] 92% sealing asset processing SourceMapDevToolPlugin static/css/stories-Button-stories.a0ca7dbe.chunk.css generate SourceMap
<s> [webpack.Progress] 92% sealing asset processing SourceMapDevToolPlugin static/css/stories-Button-stories.a0ca7dbe.chunk.css generated SourceMap
<s> [webpack.Progress] 92% sealing asset processing SourceMapDevToolPlugin stories-Button-stories.00720205.iframe.bundle.js generate SourceMap
<s> [webpack.Progress] 92% sealing asset processing SourceMapDevToolPlugin stories-Button-stories.00720205.iframe.bundle.js generated SourceMap
<s> [webpack.Progress] 92% sealing asset processing SourceMapDevToolPlugin static/css/stories-Checkbox-stories.33221dee.chunk.css generate SourceMap
<s> [webpack.Progress] 92% sealing asset processing SourceMapDevToolPlugin static/css/stories-Checkbox-stories.33221dee.chunk.css generated SourceMap
<s> [webpack.Progress] 92% sealing asset processing SourceMapDevToolPlugin stories-Checkbox-stories.73d7e922.iframe.bundle.js generate SourceMap
<s> [webpack.Progress] 92% sealing asset processing SourceMapDevToolPlugin stories-Checkbox-stories.73d7e922.iframe.bundle.js generated SourceMap
<s> [webpack.Progress] 92% sealing asset processing SourceMapDevToolPlugin static/css/stories-Dropdown-stories.d6d26f3a.chunk.css generate SourceMap
<s> [webpack.Progress] 92% sealing asset processing SourceMapDevToolPlugin static/css/stories-Dropdown-stories.d6d26f3a.chunk.css generated SourceMap
<s> [webpack.Progress] 92% sealing asset processing SourceMapDevToolPlugin stories-Dropdown-stories.19bb97e1.iframe.bundle.js generate SourceMap
<s> [webpack.Progress] 92% sealing asset processing SourceMapDevToolPlugin stories-Dropdown-stories.19bb97e1.iframe.bundle.js generated SourceMap
<s> [webpack.Progress] 92% sealing asset processing SourceMapDevToolPlugin static/css/stories-Filter-stories.caace073.chunk.css generate SourceMap
<s> [webpack.Progress] 92% sealing asset processing SourceMapDevToolPlugin static/css/stories-Filter-stories.caace073.chunk.css generated SourceMap
<s> [webpack.Progress] 92% sealing asset processing SourceMapDevToolPlugin stories-Filter-stories.24ec07ff.iframe.bundle.js generate SourceMap
<s> [webpack.Progress] 92% sealing asset processing SourceMapDevToolPlugin stories-Filter-stories.24ec07ff.iframe.bundle.js generated SourceMap
<s> [webpack.Progress] 92% sealing asset processing SourceMapDevToolPlugin static/css/stories-Header-stories.bd721500.chunk.css generate SourceMap
<s> [webpack.Progress] 92% sealing asset processing SourceMapDevToolPlugin static/css/stories-Header-stories.bd721500.chunk.css generated SourceMap
<s> [webpack.Progress] 92% sealing asset processing SourceMapDevToolPlugin stories-Header-stories.a584a4aa.iframe.bundle.js generate SourceMap
<s> [webpack.Progress] 92% sealing asset processing SourceMapDevToolPlugin stories-Header-stories.a584a4aa.iframe.bundle.js generated SourceMap
<s> [webpack.Progress] 92% sealing asset processing SourceMapDevToolPlugin static/css/stories-InlineTotal-stories.1fd6736f.chunk.css generate SourceMap
<s> [webpack.Progress] 92% sealing asset processing SourceMapDevToolPlugin static/css/stories-InlineTotal-stories.1fd6736f.chunk.css generated SourceMap
<s> [webpack.Progress] 92% sealing asset processing SourceMapDevToolPlugin stories-InlineTotal-stories.6ff564c9.iframe.bundle.js generate SourceMap
<s> [webpack.Progress] 92% sealing asset processing SourceMapDevToolPlugin stories-InlineTotal-stories.6ff564c9.iframe.bundle.js generated SourceMap
<s> [webpack.Progress] 92% sealing asset processing SourceMapDevToolPlugin static/css/stories-Page-stories.0c358483.chunk.css generate SourceMap
<s> [webpack.Progress] 92% sealing asset processing SourceMapDevToolPlugin static/css/stories-Page-stories.0c358483.chunk.css generated SourceMap
<s> [webpack.Progress] 92% sealing asset processing SourceMapDevToolPlugin stories-Page-stories.b300e104.iframe.bundle.js generate SourceMap
<s> [webpack.Progress] 92% sealing asset processing SourceMapDevToolPlugin stories-Page-stories.b300e104.iframe.bundle.js generated SourceMap
<s> [webpack.Progress] 92% sealing asset processing SourceMapDevToolPlugin static/css/stories-PlanCards-stories.e5f3327b.chunk.css generate SourceMap
<s> [webpack.Progress] 92% sealing asset processing SourceMapDevToolPlugin static/css/stories-PlanCards-stories.e5f3327b.chunk.css generated SourceMap
<s> [webpack.Progress] 92% sealing asset processing SourceMapDevToolPlugin stories-PlanCards-stories.9c038d19.iframe.bundle.js generate SourceMap
<s> [webpack.Progress] 92% sealing asset processing SourceMapDevToolPlugin stories-PlanCards-stories.9c038d19.iframe.bundle.js generated SourceMap
<s> [webpack.Progress] 92% sealing asset processing SourceMapDevToolPlugin static/css/stories-Radio-stories.708304bd.chunk.css generate SourceMap
<s> [webpack.Progress] 92% sealing asset processing SourceMapDevToolPlugin static/css/stories-Radio-stories.708304bd.chunk.css generated SourceMap
<s> [webpack.Progress] 92% sealing asset processing SourceMapDevToolPlugin stories-Radio-stories.5a24a457.iframe.bundle.js generate SourceMap
<s> [webpack.Progress] 92% sealing asset processing SourceMapDevToolPlugin stories-Radio-stories.5a24a457.iframe.bundle.js generated SourceMap
<s> [webpack.Progress] 92% sealing asset processing SourceMapDevToolPlugin static/css/stories-SelectSIM-stories.f4d643c1.chunk.css generate SourceMap
<s> [webpack.Progress] 92% sealing asset processing SourceMapDevToolPlugin static/css/stories-SelectSIM-stories.f4d643c1.chunk.css generated SourceMap
<s> [webpack.Progress] 92% sealing asset processing SourceMapDevToolPlugin stories-SelectSIM-stories.fa946540.iframe.bundle.js generate SourceMap
<s> [webpack.Progress] 92% sealing asset processing SourceMapDevToolPlugin stories-SelectSIM-stories.fa946540.iframe.bundle.js generated SourceMap
<s> [webpack.Progress] 92% sealing asset processing SourceMapDevToolPlugin static/css/stories-Stepper-stories.d557ec13.chunk.css generate SourceMap
<s> [webpack.Progress] 92% sealing asset processing SourceMapDevToolPlugin static/css/stories-Stepper-stories.d557ec13.chunk.css generated SourceMap
<s> [webpack.Progress] 92% sealing asset processing SourceMapDevToolPlugin stories-Stepper-stories.54ae249d.iframe.bundle.js generate SourceMap
<s> [webpack.Progress] 92% sealing asset processing SourceMapDevToolPlugin stories-Stepper-stories.54ae249d.iframe.bundle.js generated SourceMap
<s> [webpack.Progress] 92% sealing asset processing SourceMapDevToolPlugin static/css/stories-StickyCart-stories.9b5fbae9.chunk.css generate SourceMap
<s> [webpack.Progress] 92% sealing asset processing SourceMapDevToolPlugin static/css/stories-StickyCart-stories.9b5fbae9.chunk.css generated SourceMap
<s> [webpack.Progress] 92% sealing asset processing SourceMapDevToolPlugin stories-StickyCart-stories.b8ff022d.iframe.bundle.js generate SourceMap
<s> [webpack.Progress] 92% sealing asset processing SourceMapDevToolPlugin stories-StickyCart-stories.b8ff022d.iframe.bundle.js generated SourceMap
<s> [webpack.Progress] 92% sealing asset processing SourceMapDevToolPlugin static/css/stories-Task-stories.d8d7a16b.chunk.css generate SourceMap
<s> [webpack.Progress] 92% sealing asset processing SourceMapDevToolPlugin static/css/stories-Task-stories.d8d7a16b.chunk.css generated SourceMap
<s> [webpack.Progress] 92% sealing asset processing SourceMapDevToolPlugin stories-Task-stories.a74936b0.iframe.bundle.js generate SourceMap
<s> [webpack.Progress] 92% sealing asset processing SourceMapDevToolPlugin stories-Task-stories.a74936b0.iframe.bundle.js generated SourceMap
<s> [webpack.Progress] 92% sealing asset processing SourceMapDevToolPlugin static/css/stories-TaskList-stories.d8d7a16b.chunk.css generate SourceMap
<s> [webpack.Progress] 92% sealing asset processing SourceMapDevToolPlugin static/css/stories-TaskList-stories.d8d7a16b.chunk.css generated SourceMap
<s> [webpack.Progress] 92% sealing asset processing SourceMapDevToolPlugin stories-TaskList-stories.f52073a5.iframe.bundle.js generate SourceMap
<s> [webpack.Progress] 92% sealing asset processing SourceMapDevToolPlugin stories-TaskList-stories.f52073a5.iframe.bundle.js generated SourceMap
<s> [webpack.Progress] 92% sealing asset processing SourceMapDevToolPlugin static/css/stories-Textfield-stories.1e69d0ae.chunk.css generate SourceMap
<s> [webpack.Progress] 92% sealing asset processing SourceMapDevToolPlugin static/css/stories-Textfield-stories.1e69d0ae.chunk.css generated SourceMap
<s> [webpack.Progress] 92% sealing asset processing SourceMapDevToolPlugin stories-Textfield-stories.4501dffd.iframe.bundle.js generate SourceMap
<s> [webpack.Progress] 92% sealing asset processing SourceMapDevToolPlugin stories-Textfield-stories.4501dffd.iframe.bundle.js generated SourceMap
<s> [webpack.Progress] 92% sealing asset processing SourceMapDevToolPlugin 9115.073f7d32.iframe.bundle.js generate SourceMap
<s> [webpack.Progress] 92% sealing asset processing SourceMapDevToolPlugin 9115.073f7d32.iframe.bundle.js generated SourceMap
<s> [webpack.Progress] 92% sealing asset processing SourceMapDevToolPlugin 3991.932d6128.iframe.bundle.js generate SourceMap
<s> [webpack.Progress] 92% sealing asset processing SourceMapDevToolPlugin 3991.932d6128.iframe.bundle.js generated SourceMap
<s> [webpack.Progress] 92% sealing asset processing SourceMapDevToolPlugin 9433.24cccdcc.iframe.bundle.js generate SourceMap
<s> [webpack.Progress] 92% sealing asset processing SourceMapDevToolPlugin 9433.24cccdcc.iframe.bundle.js generated SourceMap
<s> [webpack.Progress] 92% sealing asset processing SourceMapDevToolPlugin 8613.75ed42ac.iframe.bundle.js generate SourceMap
<s> [webpack.Progress] 92% sealing asset processing SourceMapDevToolPlugin 8613.75ed42ac.iframe.bundle.js generated SourceMap
<s> [webpack.Progress] 92% sealing asset processing SourceMapDevToolPlugin 9744.4fbcb895.iframe.bundle.js generate SourceMap
<s> [webpack.Progress] 92% sealing asset processing SourceMapDevToolPlugin 9744.4fbcb895.iframe.bundle.js generated SourceMap
<s> [webpack.Progress] 92% sealing asset processing SourceMapDevToolPlugin 8077.056e150f.iframe.bundle.js generate SourceMap
<s> [webpack.Progress] 92% sealing asset processing SourceMapDevToolPlugin 8077.056e150f.iframe.bundle.js generated SourceMap
<s> [webpack.Progress] 92% sealing asset processing SourceMapDevToolPlugin 238.8ca1cdb0.iframe.bundle.js generate SourceMap
<s> [webpack.Progress] 92% sealing asset processing SourceMapDevToolPlugin 238.8ca1cdb0.iframe.bundle.js generated SourceMap
<s> [webpack.Progress] 92% sealing asset processing SourceMapDevToolPlugin 4760.699ac294.iframe.bundle.js generate SourceMap
<s> [webpack.Progress] 92% sealing asset processing SourceMapDevToolPlugin 4760.699ac294.iframe.bundle.js generated SourceMap
<s> [webpack.Progress] 92% sealing asset processing SourceMapDevToolPlugin 5253.6a848c3a.iframe.bundle.js generate SourceMap
<s> [webpack.Progress] 92% sealing asset processing SourceMapDevToolPlugin 5253.6a848c3a.iframe.bundle.js generated SourceMap
<s> [webpack.Progress] 92% sealing asset processing SourceMapDevToolPlugin 7143.7195aaa5.iframe.bundle.js generate SourceMap
<s> [webpack.Progress] 92% sealing asset processing SourceMapDevToolPlugin 7143.7195aaa5.iframe.bundle.js generated SourceMap
<s> [webpack.Progress] 92% sealing asset processing SourceMapDevToolPlugin 5699.e0bdd108.iframe.bundle.js generate SourceMap
<s> [webpack.Progress] 92% sealing asset processing SourceMapDevToolPlugin 5699.e0bdd108.iframe.bundle.js generated SourceMap
<s> [webpack.Progress] 92% sealing asset processing SourceMapDevToolPlugin 8693.55f6715d.iframe.bundle.js generate SourceMap
<s> [webpack.Progress] 92% sealing asset processing SourceMapDevToolPlugin 8693.55f6715d.iframe.bundle.js generated SourceMap
<s> [webpack.Progress] 92% sealing asset processing SourceMapDevToolPlugin 9213.7d3aecd8.iframe.bundle.js generate SourceMap
<s> [webpack.Progress] 92% sealing asset processing SourceMapDevToolPlugin 9213.7d3aecd8.iframe.bundle.js generated SourceMap
<s> [webpack.Progress] 92% sealing asset processing SourceMapDevToolPlugin 6983.7e23394a.iframe.bundle.js generate SourceMap
<s> [webpack.Progress] 92% sealing asset processing SourceMapDevToolPlugin 6983.7e23394a.iframe.bundle.js generated SourceMap
<s> [webpack.Progress] 92% sealing asset processing SourceMapDevToolPlugin 7355.4c3c7af4.iframe.bundle.js generate SourceMap
<s> [webpack.Progress] 92% sealing asset processing SourceMapDevToolPlugin 7355.4c3c7af4.iframe.bundle.js generated SourceMap
<s> [webpack.Progress] 92% sealing asset processing SourceMapDevToolPlugin 3622.3f9fef35.iframe.bundle.js generate SourceMap
<s> [webpack.Progress] 92% sealing asset processing SourceMapDevToolPlugin 3622.3f9fef35.iframe.bundle.js generated SourceMap
<s> [webpack.Progress] 92% sealing asset processing SourceMapDevToolPlugin 1613.9fc6288e.iframe.bundle.js generate SourceMap
<s> [webpack.Progress] 92% sealing asset processing SourceMapDevToolPlugin 1613.9fc6288e.iframe.bundle.js generated SourceMap
<s> [webpack.Progress] 92% sealing asset processing SourceMapDevToolPlugin 6615.e997333d.iframe.bundle.js generate SourceMap
<s> [webpack.Progress] 92% sealing asset processing SourceMapDevToolPlugin 6615.e997333d.iframe.bundle.js generated SourceMap
<s> [webpack.Progress] 92% sealing asset processing SourceMapDevToolPlugin 6966.b66a0394.iframe.bundle.js generate SourceMap
<s> [webpack.Progress] 92% sealing asset processing SourceMapDevToolPlugin 6966.b66a0394.iframe.bundle.js generated SourceMap
<s> [webpack.Progress] 92% sealing asset processing SourceMapDevToolPlugin 652.9aefaf3b.iframe.bundle.js generate SourceMap
<s> [webpack.Progress] 92% sealing asset processing SourceMapDevToolPlugin 652.9aefaf3b.iframe.bundle.js generated SourceMap
<s> [webpack.Progress] 92% sealing asset processing SourceMapDevToolPlugin 5434.ef968bf1.iframe.bundle.js generate SourceMap
<s> [webpack.Progress] 92% sealing asset processing SourceMapDevToolPlugin 5434.ef968bf1.iframe.bundle.js generated SourceMap
<s> [webpack.Progress] 92% sealing asset processing SourceMapDevToolPlugin 6967.72769994.iframe.bundle.js generate SourceMap
<s> [webpack.Progress] 92% sealing asset processing SourceMapDevToolPlugin 6967.72769994.iframe.bundle.js generated SourceMap
<s> [webpack.Progress] 92% sealing asset processing SourceMapDevToolPlugin 878.0393014a.iframe.bundle.js generate SourceMap
<s> [webpack.Progress] 92% sealing asset processing SourceMapDevToolPlugin 878.0393014a.iframe.bundle.js generated SourceMap
<s> [webpack.Progress] 92% sealing asset processing SourceMapDevToolPlugin 4941.303abbea.iframe.bundle.js generate SourceMap
<s> [webpack.Progress] 92% sealing asset processing SourceMapDevToolPlugin 4941.303abbea.iframe.bundle.js generated SourceMap
<s> [webpack.Progress] 92% sealing asset processing SourceMapDevToolPlugin 1181.a3726add.iframe.bundle.js generate SourceMap
<s> [webpack.Progress] 92% sealing asset processing SourceMapDevToolPlugin 1181.a3726add.iframe.bundle.js generated SourceMap
<s> [webpack.Progress] 92% sealing asset processing SourceMapDevToolPlugin 8615.5e9f86b6.iframe.bundle.js generate SourceMap
<s> [webpack.Progress] 92% sealing asset processing SourceMapDevToolPlugin 8615.5e9f86b6.iframe.bundle.js generated SourceMap
<s> [webpack.Progress] 92% sealing asset processing SourceMapDevToolPlugin 7670.1f72ccfa.iframe.bundle.js generate SourceMap
<s> [webpack.Progress] 92% sealing asset processing SourceMapDevToolPlugin 7670.1f72ccfa.iframe.bundle.js generated SourceMap
<s> [webpack.Progress] 92% sealing asset processing SourceMapDevToolPlugin resolve sources
<s> [webpack.Progress] 92% sealing asset processing SourceMapDevToolPlugin static/css/design-tokens-Colors-mdx.d620fb1d.chunk.css attach SourceMap
<s> [webpack.Progress] 92% sealing asset processing SourceMapDevToolPlugin static/css/design-tokens-Colors-mdx.d620fb1d.chunk.css attached SourceMap
<s> [webpack.Progress] 92% sealing asset processing SourceMapDevToolPlugin static/css/design-tokens-Grid-mdx.d620fb1d.chunk.css attach SourceMap
<s> [webpack.Progress] 92% sealing asset processing SourceMapDevToolPlugin static/css/design-tokens-Grid-mdx.d620fb1d.chunk.css attached SourceMap
<s> [webpack.Progress] 92% sealing asset processing SourceMapDevToolPlugin static/css/design-tokens-Spacing-mdx.d620fb1d.chunk.css attach SourceMap
<s> [webpack.Progress] 92% sealing asset processing SourceMapDevToolPlugin static/css/design-tokens-Spacing-mdx.d620fb1d.chunk.css attached SourceMap
<s> [webpack.Progress] 92% sealing asset processing SourceMapDevToolPlugin static/css/design-tokens-Typography-mdx.d620fb1d.chunk.css attach SourceMap
<s> [webpack.Progress] 92% sealing asset processing SourceMapDevToolPlugin static/css/design-tokens-Typography-mdx.d620fb1d.chunk.css attached SourceMap
<s> [webpack.Progress] 92% sealing asset processing SourceMapDevToolPlugin static/css/stories-AbandonedCart-stories.8305e361.chunk.css attach SourceMap
<s> [webpack.Progress] 92% sealing asset processing SourceMapDevToolPlugin static/css/stories-AbandonedCart-stories.8305e361.chunk.css attached SourceMap
<s> [webpack.Progress] 92% sealing asset processing SourceMapDevToolPlugin static/css/stories-Accordion-stories.65b5132f.chunk.css attach SourceMap
<s> [webpack.Progress] 92% sealing asset processing SourceMapDevToolPlugin static/css/stories-Accordion-stories.65b5132f.chunk.css attached SourceMap
<s> [webpack.Progress] 92% sealing asset processing SourceMapDevToolPlugin static/css/stories-AddressLookup-stories.1e69d0ae.chunk.css attach SourceMap
<s> [webpack.Progress] 92% sealing asset processing SourceMapDevToolPlugin static/css/stories-AddressLookup-stories.1e69d0ae.chunk.css attached SourceMap
<s> [webpack.Progress] 92% sealing asset processing SourceMapDevToolPlugin static/css/stories-Button-stories.a0ca7dbe.chunk.css attach SourceMap
<s> [webpack.Progress] 92% sealing asset processing SourceMapDevToolPlugin static/css/stories-Button-stories.a0ca7dbe.chunk.css attached SourceMap
<s> [webpack.Progress] 92% sealing asset processing SourceMapDevToolPlugin static/css/stories-Checkbox-stories.33221dee.chunk.css attach SourceMap
<s> [webpack.Progress] 92% sealing asset processing SourceMapDevToolPlugin static/css/stories-Checkbox-stories.33221dee.chunk.css attached SourceMap
<s> [webpack.Progress] 92% sealing asset processing SourceMapDevToolPlugin static/css/stories-Dropdown-stories.d6d26f3a.chunk.css attach SourceMap
<s> [webpack.Progress] 92% sealing asset processing SourceMapDevToolPlugin static/css/stories-Dropdown-stories.d6d26f3a.chunk.css attached SourceMap
<s> [webpack.Progress] 92% sealing asset processing SourceMapDevToolPlugin static/css/stories-Filter-stories.caace073.chunk.css attach SourceMap
<s> [webpack.Progress] 92% sealing asset processing SourceMapDevToolPlugin static/css/stories-Filter-stories.caace073.chunk.css attached SourceMap
<s> [webpack.Progress] 92% sealing asset processing SourceMapDevToolPlugin static/css/stories-Header-stories.bd721500.chunk.css attach SourceMap
<s> [webpack.Progress] 92% sealing asset processing SourceMapDevToolPlugin static/css/stories-Header-stories.bd721500.chunk.css attached SourceMap
<s> [webpack.Progress] 92% sealing asset processing SourceMapDevToolPlugin static/css/stories-InlineTotal-stories.1fd6736f.chunk.css attach SourceMap
<s> [webpack.Progress] 92% sealing asset processing SourceMapDevToolPlugin static/css/stories-InlineTotal-stories.1fd6736f.chunk.css attached SourceMap
<s> [webpack.Progress] 92% sealing asset processing SourceMapDevToolPlugin static/css/stories-Page-stories.0c358483.chunk.css attach SourceMap
<s> [webpack.Progress] 92% sealing asset processing SourceMapDevToolPlugin static/css/stories-Page-stories.0c358483.chunk.css attached SourceMap
<s> [webpack.Progress] 92% sealing asset processing SourceMapDevToolPlugin static/css/stories-PlanCards-stories.e5f3327b.chunk.css attach SourceMap
<s> [webpack.Progress] 92% sealing asset processing SourceMapDevToolPlugin static/css/stories-PlanCards-stories.e5f3327b.chunk.css attached SourceMap
<s> [webpack.Progress] 92% sealing asset processing SourceMapDevToolPlugin static/css/stories-Radio-stories.708304bd.chunk.css attach SourceMap
<s> [webpack.Progress] 92% sealing asset processing SourceMapDevToolPlugin static/css/stories-Radio-stories.708304bd.chunk.css attached SourceMap
<s> [webpack.Progress] 92% sealing asset processing SourceMapDevToolPlugin static/css/stories-SelectSIM-stories.f4d643c1.chunk.css attach SourceMap
<s> [webpack.Progress] 92% sealing asset processing SourceMapDevToolPlugin static/css/stories-SelectSIM-stories.f4d643c1.chunk.css attached SourceMap
<s> [webpack.Progress] 92% sealing asset processing SourceMapDevToolPlugin static/css/stories-Stepper-stories.d557ec13.chunk.css attach SourceMap
<s> [webpack.Progress] 92% sealing asset processing SourceMapDevToolPlugin static/css/stories-Stepper-stories.d557ec13.chunk.css attached SourceMap
<s> [webpack.Progress] 92% sealing asset processing SourceMapDevToolPlugin static/css/stories-StickyCart-stories.9b5fbae9.chunk.css attach SourceMap
<s> [webpack.Progress] 92% sealing asset processing SourceMapDevToolPlugin static/css/stories-StickyCart-stories.9b5fbae9.chunk.css attached SourceMap
<s> [webpack.Progress] 92% sealing asset processing SourceMapDevToolPlugin static/css/stories-Task-stories.d8d7a16b.chunk.css attach SourceMap
<s> [webpack.Progress] 92% sealing asset processing SourceMapDevToolPlugin static/css/stories-Task-stories.d8d7a16b.chunk.css attached SourceMap
<s> [webpack.Progress] 92% sealing asset processing SourceMapDevToolPlugin static/css/stories-TaskList-stories.d8d7a16b.chunk.css attach SourceMap
<s> [webpack.Progress] 92% sealing asset processing SourceMapDevToolPlugin static/css/stories-TaskList-stories.d8d7a16b.chunk.css attached SourceMap
<s> [webpack.Progress] 92% sealing asset processing SourceMapDevToolPlugin static/css/stories-Textfield-stories.1e69d0ae.chunk.css attach SourceMap
<s> [webpack.Progress] 92% sealing asset processing SourceMapDevToolPlugin static/css/stories-Textfield-stories.1e69d0ae.chunk.css attached SourceMap
<s> [webpack.Progress] 92% sealing asset processing SourceMapDevToolPlugin 8077.056e150f.iframe.bundle.js attach SourceMap
<s> [webpack.Progress] 92% sealing asset processing SourceMapDevToolPlugin 8077.056e150f.iframe.bundle.js attached SourceMap
<s> [webpack.Progress] 92% sealing asset processing SourceMapDevToolPlugin 6967.72769994.iframe.bundle.js attach SourceMap
<s> [webpack.Progress] 92% sealing asset processing SourceMapDevToolPlugin 6967.72769994.iframe.bundle.js attached SourceMap
<s> [webpack.Progress] 92% sealing asset processing SourceMapDevToolPlugin 878.0393014a.iframe.bundle.js attach SourceMap
<s> [webpack.Progress] 92% sealing asset processing SourceMapDevToolPlugin 878.0393014a.iframe.bundle.js attached SourceMap
<s> [webpack.Progress] 92% sealing asset processing SourceMapDevToolPlugin 1181.a3726add.iframe.bundle.js attach SourceMap
<s> [webpack.Progress] 92% sealing asset processing SourceMapDevToolPlugin 1181.a3726add.iframe.bundle.js attached SourceMap
<s> [webpack.Progress] 92% sealing asset processing SourceMapDevToolPlugin 8615.5e9f86b6.iframe.bundle.js attach SourceMap
<s> [webpack.Progress] 92% sealing asset processing SourceMapDevToolPlugin 8615.5e9f86b6.iframe.bundle.js attached SourceMap
<s> [webpack.Progress] 92% sealing asset processing SourceMapDevToolPlugin 7670.1f72ccfa.iframe.bundle.js attach SourceMap
<s> [webpack.Progress] 92% sealing asset processing SourceMapDevToolPlugin 7670.1f72ccfa.iframe.bundle.js attached SourceMap
<s> [webpack.Progress] 92% sealing asset processing SourceMapDevToolPlugin
<s> [webpack.Progress] 92% sealing asset processing SourceMapDevToolPlugin
<s> [webpack.Progress] 92% sealing asset processing SourceMapDevToolPlugin resolve sources
<s> [webpack.Progress] 92% sealing asset processing SourceMapDevToolPlugin
<s> [webpack.Progress] 92% sealing asset processing HtmlWebpackPlugin
<s> [webpack.Progress] 92% sealing asset processing HtmlWebpackPlugin
<s> [webpack.Progress] 92% sealing asset processing HtmlWebpackPlugin resolve sources
<s> [webpack.Progress] 92% sealing asset processing HtmlWebpackPlugin
<s> [webpack.Progress] 92% sealing asset processing HtmlWebpackPlugin
<s> [webpack.Progress] 92% sealing asset processing HtmlWebpackPlugin
<s> [webpack.Progress] 92% sealing asset processing HtmlWebpackPlugin resolve sources
<s> [webpack.Progress] 92% sealing asset processing HtmlWebpackPlugin
<s> [webpack.Progress] 92% sealing asset processing RealContentHashPlugin
<s> [webpack.Progress] 92% sealing asset processing RealContentHashPlugin
<s> [webpack.Progress] 92% sealing asset processing RealContentHashPlugin main.258106dc.iframe.bundle.js generate SourceMap
<s> [webpack.Progress] 92% sealing asset processing RealContentHashPlugin main.258106dc.iframe.bundle.js generated SourceMap
<s> [webpack.Progress] 92% sealing asset processing RealContentHashPlugin runtime~main.c0d7ad17.iframe.bundle.js generate SourceMap
<s> [webpack.Progress] 92% sealing asset processing RealContentHashPlugin runtime~main.c0d7ad17.iframe.bundle.js generated SourceMap
<s> [webpack.Progress] 92% sealing asset processing RealContentHashPlugin design-tokens-Colors-mdx.922a8d48.iframe.bundle.js generate SourceMap
<s> [webpack.Progress] 92% sealing asset processing RealContentHashPlugin design-tokens-Colors-mdx.922a8d48.iframe.bundle.js generated SourceMap
<s> [webpack.Progress] 92% sealing asset processing RealContentHashPlugin design-tokens-Grid-mdx.838b203c.iframe.bundle.js generate SourceMap
<s> [webpack.Progress] 92% sealing asset processing RealContentHashPlugin design-tokens-Grid-mdx.838b203c.iframe.bundle.js generated SourceMap
<s> [webpack.Progress] 92% sealing asset processing RealContentHashPlugin design-tokens-Spacing-mdx.27dc7372.iframe.bundle.js generate SourceMap
<s> [webpack.Progress] 92% sealing asset processing RealContentHashPlugin design-tokens-Spacing-mdx.27dc7372.iframe.bundle.js generated SourceMap
<s> [webpack.Progress] 92% sealing asset processing RealContentHashPlugin design-tokens-Typography-mdx.5e47ef1b.iframe.bundle.js generate SourceMap
<s> [webpack.Progress] 92% sealing asset processing RealContentHashPlugin design-tokens-Typography-mdx.5e47ef1b.iframe.bundle.js generated SourceMap
<s> [webpack.Progress] 92% sealing asset processing RealContentHashPlugin stories-AddressLookup-stories.eac4e092.iframe.bundle.js generate SourceMap
<s> [webpack.Progress] 92% sealing asset processing RealContentHashPlugin stories-AddressLookup-stories.eac4e092.iframe.bundle.js generated SourceMap
<s> [webpack.Progress] 92% sealing asset processing RealContentHashPlugin stories-Button-stories.a72c8224.iframe.bundle.js generate SourceMap
<s> [webpack.Progress] 92% sealing asset processing RealContentHashPlugin stories-Button-stories.a72c8224.iframe.bundle.js generated SourceMap
<s> [webpack.Progress] 92% sealing asset processing RealContentHashPlugin stories-InlineTotal-stories.0a2fee11.iframe.bundle.js generate SourceMap
<s> [webpack.Progress] 92% sealing asset processing RealContentHashPlugin stories-InlineTotal-stories.0a2fee11.iframe.bundle.js generated SourceMap
<s> [webpack.Progress] 92% sealing asset processing RealContentHashPlugin stories-Page-stories.c98909a3.iframe.bundle.js generate SourceMap
<s> [webpack.Progress] 92% sealing asset processing RealContentHashPlugin stories-Page-stories.c98909a3.iframe.bundle.js generated SourceMap
<s> [webpack.Progress] 92% sealing asset processing RealContentHashPlugin stories-SelectSIM-stories.02850845.iframe.bundle.js generate SourceMap
<s> [webpack.Progress] 92% sealing asset processing RealContentHashPlugin stories-SelectSIM-stories.02850845.iframe.bundle.js generated SourceMap
<s> [webpack.Progress] 92% sealing asset processing RealContentHashPlugin stories-Textfield-stories.740f8391.iframe.bundle.js generate SourceMap
<s> [webpack.Progress] 92% sealing asset processing RealContentHashPlugin stories-Textfield-stories.740f8391.iframe.bundle.js generated SourceMap
<s> [webpack.Progress] 92% sealing asset processing RealContentHashPlugin 3991.cc16d8b8.iframe.bundle.js generate SourceMap
<s> [webpack.Progress] 92% sealing asset processing RealContentHashPlugin 3991.cc16d8b8.iframe.bundle.js generated SourceMap
<s> [webpack.Progress] 92% sealing asset processing RealContentHashPlugin 9433.9fc51a38.iframe.bundle.js generate SourceMap
<s> [webpack.Progress] 92% sealing asset processing RealContentHashPlugin 9433.9fc51a38.iframe.bundle.js generated SourceMap
<s> [webpack.Progress] 92% sealing asset processing RealContentHashPlugin 8613.0117f899.iframe.bundle.js generate SourceMap
<s> [webpack.Progress] 92% sealing asset processing RealContentHashPlugin 8613.0117f899.iframe.bundle.js generated SourceMap
<s> [webpack.Progress] 92% sealing asset processing RealContentHashPlugin 9744.fadc592e.iframe.bundle.js generate SourceMap
<s> [webpack.Progress] 92% sealing asset processing RealContentHashPlugin 9744.fadc592e.iframe.bundle.js generated SourceMap
<s> [webpack.Progress] 92% sealing asset processing RealContentHashPlugin 238.a41c985d.iframe.bundle.js generate SourceMap
<s> [webpack.Progress] 92% sealing asset processing RealContentHashPlugin 238.a41c985d.iframe.bundle.js generated SourceMap
<s> [webpack.Progress] 92% sealing asset processing RealContentHashPlugin 4760.31cc5f20.iframe.bundle.js generate SourceMap
<s> [webpack.Progress] 92% sealing asset processing RealContentHashPlugin 4760.31cc5f20.iframe.bundle.js generated SourceMap
<s> [webpack.Progress] 92% sealing asset processing RealContentHashPlugin 5253.d1a479ec.iframe.bundle.js generate SourceMap
<s> [webpack.Progress] 92% sealing asset processing RealContentHashPlugin 5253.d1a479ec.iframe.bundle.js generated SourceMap
<s> [webpack.Progress] 92% sealing asset processing RealContentHashPlugin 7143.c29683d8.iframe.bundle.js generate SourceMap
<s> [webpack.Progress] 92% sealing asset processing RealContentHashPlugin 7143.c29683d8.iframe.bundle.js generated SourceMap
<s> [webpack.Progress] 92% sealing asset processing RealContentHashPlugin 5699.99dc2f7b.iframe.bundle.js generate SourceMap
<s> [webpack.Progress] 92% sealing asset processing RealContentHashPlugin 5699.99dc2f7b.iframe.bundle.js generated SourceMap
<s> [webpack.Progress] 92% sealing asset processing RealContentHashPlugin 8693.c4b3e518.iframe.bundle.js generate SourceMap
<s> [webpack.Progress] 92% sealing asset processing RealContentHashPlugin 8693.c4b3e518.iframe.bundle.js generated SourceMap
<s> [webpack.Progress] 92% sealing asset processing RealContentHashPlugin 9213.52077af2.iframe.bundle.js generate SourceMap
<s> [webpack.Progress] 92% sealing asset processing RealContentHashPlugin 9213.52077af2.iframe.bundle.js generated SourceMap
<s> [webpack.Progress] 92% sealing asset processing RealContentHashPlugin 6983.468a96b1.iframe.bundle.js generate SourceMap
<s> [webpack.Progress] 92% sealing asset processing RealContentHashPlugin 6983.468a96b1.iframe.bundle.js generated SourceMap
<s> [webpack.Progress] 92% sealing asset processing RealContentHashPlugin 7355.a910fc9e.iframe.bundle.js generate SourceMap
<s> [webpack.Progress] 92% sealing asset processing RealContentHashPlugin 7355.a910fc9e.iframe.bundle.js generated SourceMap
<s> [webpack.Progress] 92% sealing asset processing RealContentHashPlugin 3622.c438352e.iframe.bundle.js generate SourceMap
<s> [webpack.Progress] 92% sealing asset processing RealContentHashPlugin 3622.c438352e.iframe.bundle.js generated SourceMap
<s> [webpack.Progress] 92% sealing asset processing RealContentHashPlugin 1613.34988d79.iframe.bundle.js generate SourceMap
<s> [webpack.Progress] 92% sealing asset processing RealContentHashPlugin 1613.34988d79.iframe.bundle.js generated SourceMap
<s> [webpack.Progress] 92% sealing asset processing RealContentHashPlugin 6615.9327aa10.iframe.bundle.js generate SourceMap
<s> [webpack.Progress] 92% sealing asset processing RealContentHashPlugin 6615.9327aa10.iframe.bundle.js generated SourceMap
<s> [webpack.Progress] 92% sealing asset processing RealContentHashPlugin 6966.026957e5.iframe.bundle.js generate SourceMap
<s> [webpack.Progress] 92% sealing asset processing RealContentHashPlugin 6966.026957e5.iframe.bundle.js generated SourceMap
<s> [webpack.Progress] 92% sealing asset processing RealContentHashPlugin 652.b0ed9214.iframe.bundle.js generate SourceMap
<s> [webpack.Progress] 92% sealing asset processing RealContentHashPlugin 652.b0ed9214.iframe.bundle.js generated SourceMap
<s> [webpack.Progress] 92% sealing asset processing RealContentHashPlugin 5434.d8d9b048.iframe.bundle.js generate SourceMap
<s> [webpack.Progress] 92% sealing asset processing RealContentHashPlugin 5434.d8d9b048.iframe.bundle.js generated SourceMap
<s> [webpack.Progress] 92% sealing asset processing RealContentHashPlugin stories-Configure-mdx.e36e853e.iframe.bundle.js generate SourceMap
<s> [webpack.Progress] 92% sealing asset processing RealContentHashPlugin stories-Configure-mdx.e36e853e.iframe.bundle.js generated SourceMap
<s> [webpack.Progress] 92% sealing asset processing RealContentHashPlugin stories-AbandonedCart-stories.cef1a077.iframe.bundle.js generate SourceMap
<s> [webpack.Progress] 92% sealing asset processing RealContentHashPlugin stories-AbandonedCart-stories.cef1a077.iframe.bundle.js generated SourceMap
<s> [webpack.Progress] 92% sealing asset processing RealContentHashPlugin stories-Accordion-stories.1452a420.iframe.bundle.js generate SourceMap
<s> [webpack.Progress] 92% sealing asset processing RealContentHashPlugin stories-Accordion-stories.1452a420.iframe.bundle.js generated SourceMap
<s> [webpack.Progress] 92% sealing asset processing RealContentHashPlugin stories-Checkbox-stories.e3506b0e.iframe.bundle.js generate SourceMap
<s> [webpack.Progress] 92% sealing asset processing RealContentHashPlugin stories-Checkbox-stories.e3506b0e.iframe.bundle.js generated SourceMap
<s> [webpack.Progress] 92% sealing asset processing RealContentHashPlugin stories-Dropdown-stories.f2588d06.iframe.bundle.js generate SourceMap
<s> [webpack.Progress] 92% sealing asset processing RealContentHashPlugin stories-Dropdown-stories.f2588d06.iframe.bundle.js generated SourceMap
<s> [webpack.Progress] 92% sealing asset processing RealContentHashPlugin stories-Filter-stories.29bd66d7.iframe.bundle.js generate SourceMap
<s> [webpack.Progress] 92% sealing asset processing RealContentHashPlugin stories-Filter-stories.29bd66d7.iframe.bundle.js generated SourceMap
<s> [webpack.Progress] 92% sealing asset processing RealContentHashPlugin stories-Header-stories.e15965e0.iframe.bundle.js generate SourceMap
<s> [webpack.Progress] 92% sealing asset processing RealContentHashPlugin stories-Header-stories.e15965e0.iframe.bundle.js generated SourceMap
<s> [webpack.Progress] 92% sealing asset processing RealContentHashPlugin stories-PlanCards-stories.6f995b1d.iframe.bundle.js generate SourceMap
<s> [webpack.Progress] 92% sealing asset processing RealContentHashPlugin stories-PlanCards-stories.6f995b1d.iframe.bundle.js generated SourceMap
<s> [webpack.Progress] 92% sealing asset processing RealContentHashPlugin stories-Radio-stories.864a0767.iframe.bundle.js generate SourceMap
<s> [webpack.Progress] 92% sealing asset processing RealContentHashPlugin stories-Radio-stories.864a0767.iframe.bundle.js generated SourceMap
<s> [webpack.Progress] 92% sealing asset processing RealContentHashPlugin stories-Stepper-stories.bd1bb315.iframe.bundle.js generate SourceMap
<s> [webpack.Progress] 92% sealing asset processing RealContentHashPlugin stories-Stepper-stories.bd1bb315.iframe.bundle.js generated SourceMap
<s> [webpack.Progress] 92% sealing asset processing RealContentHashPlugin stories-StickyCart-stories.15ed500e.iframe.bundle.js generate SourceMap
<s> [webpack.Progress] 92% sealing asset processing RealContentHashPlugin stories-StickyCart-stories.15ed500e.iframe.bundle.js generated SourceMap
<s> [webpack.Progress] 92% sealing asset processing RealContentHashPlugin stories-Task-stories.00c3da6d.iframe.bundle.js generate SourceMap
<s> [webpack.Progress] 92% sealing asset processing RealContentHashPlugin stories-Task-stories.00c3da6d.iframe.bundle.js generated SourceMap
<s> [webpack.Progress] 92% sealing asset processing RealContentHashPlugin stories-TaskList-stories.15d2eb6b.iframe.bundle.js generate SourceMap
<s> [webpack.Progress] 92% sealing asset processing RealContentHashPlugin stories-TaskList-stories.15d2eb6b.iframe.bundle.js generated SourceMap
<s> [webpack.Progress] 92% sealing asset processing RealContentHashPlugin 9115.9cc30483.iframe.bundle.js generate SourceMap
<s> [webpack.Progress] 92% sealing asset processing RealContentHashPlugin 9115.9cc30483.iframe.bundle.js generated SourceMap
<s> [webpack.Progress] 92% sealing asset processing RealContentHashPlugin 4941.09c653f0.iframe.bundle.js generate SourceMap
<s> [webpack.Progress] 92% sealing asset processing RealContentHashPlugin 4941.09c653f0.iframe.bundle.js generated SourceMap
<s> [webpack.Progress] 92% sealing asset processing RealContentHashPlugin resolve sources
<s> [webpack.Progress] 92% sealing asset processing RealContentHashPlugin
<s> [webpack.Progress] 92% sealing asset processing
<s> [webpack.Progress] 93% sealing after asset optimization
<s> [webpack.Progress] 93% sealing after asset optimization
<s> [webpack.Progress] 93% sealing recording
<s> [webpack.Progress] 93% sealing recording
<s> [webpack.Progress] 94% sealing after seal
<s> [webpack.Progress] 94% sealing after seal
<s> [webpack.Progress] 95% emitting emit
<s> [webpack.Progress] 95% emitting emit StorybookDesignTokenPlugin
<s> [webpack.Progress] 95% emitting emit
<s> [webpack.Progress] 98% emitting after emit
<s> [webpack.Progress] 98% emitting after emit SizeLimitsPlugin
<s> [webpack.Progress] 98% emitting after emit
<s> [webpack.Progress] 99% done plugins
<s> [webpack.Progress] 99% done plugins CaseSensitivePathsPlugin
<s> [webpack.Progress] 99% done plugins ForkTsCheckerWebpackPlugin
<s> [webpack.Progress] 99% done plugins
<s> [webpack.Progress] 99% 

<s> [webpack.Progress] 99% cache store build dependencies
<s> [webpack.Progress] 99% cache store build dependencies
<s> [webpack.Progress] 99% cache begin idle
<s> [webpack.Progress] 99% cache begin idle
<s> [webpack.Progress] 100% 

info => Preview built (55 s)
WARN Module Warning (from ./node_modules/postcss-loader/dist/cjs.js):
WARN Warning
WARN 
WARN (22:5) autoprefixer: Replace fill to stretch, because spec had been changed
WARN Module Warning (from ./node_modules/postcss-loader/dist/cjs.js):
WARN Warning
WARN 
WARN (25:5) autoprefixer: Replace fill to stretch, because spec had been changed
WARN Module Warning (from ./node_modules/postcss-loader/dist/cjs.js):
WARN Warning
WARN 
WARN (80:5) autoprefixer: Replace fill to stretch, because spec had been changed
WARN Module Warning (from ./node_modules/postcss-loader/dist/cjs.js):
WARN Warning
WARN 
WARN (80:5) autoprefixer: Replace fill to stretch, because spec had been changed
WARN Module Warning (from ./node_modules/postcss-loader/dist/cjs.js):
WARN Warning
WARN 
WARN (61:5) autoprefixer: Replace fill to stretch, because spec had been changed
WARN Module Warning (from ./node_modules/postcss-loader/dist/cjs.js):
WARN Warning
WARN 
WARN (75:5) autoprefixer: Replace fill to stretch, because spec had been changed
WARN export 'ArgsTableError' (imported as 'ArgsTableError') was not found in '@storybook/components' (possible exports: A, ActionBar, AddonPanel, Badge, Bar, Blockquote, Button, ClipboardCode, Code, DL, Div, DocumentWrapper, ErrorFormatter, FlexBar, Form, H1, H2, H3, H4, H5, H6, HR, IconButton, IconButtonSkeleton, Icons, Img, LI, Link, ListItem, Loader, OL, P, Placeholder, Pre, ResetWrapper, ScrollArea, Separator, Spaced, Span, StorybookIcon, StorybookLogo, Symbols, SyntaxHighlighter, TT, TabBar, TabButton, TabWrapper, Table, Tabs, TabsState, TooltipLinkList, TooltipMessage, TooltipNote, UL, WithTooltip, WithTooltipPure, Zoom, codeCommon, components, createCopyToClipboardFunction, getStoryHref, icons, interleaveSeparators, nameSpaceClassNames, resetComponents, withReset)
WARN export 'ArgsTableError' (imported as 'ArgsTableError') was not found in '@storybook/components' (possible exports: A, ActionBar, AddonPanel, Badge, Bar, Blockquote, Button, ClipboardCode, Code, DL, Div, DocumentWrapper, ErrorFormatter, FlexBar, Form, H1, H2, H3, H4, H5, H6, HR, IconButton, IconButtonSkeleton, Icons, Img, LI, Link, ListItem, Loader, OL, P, Placeholder, Pre, ResetWrapper, ScrollArea, Separator, Spaced, Span, StorybookIcon, StorybookLogo, Symbols, SyntaxHighlighter, TT, TabBar, TabButton, TabWrapper, Table, Tabs, TabsState, TooltipLinkList, TooltipMessage, TooltipNote, UL, WithTooltip, WithTooltipPure, Zoom, codeCommon, components, createCopyToClipboardFunction, getStoryHref, icons, interleaveSeparators, nameSpaceClassNames, resetComponents, withReset)
WARN export 'ArgsTable' (imported as 'PureArgsTable') was not found in '@storybook/components' (possible exports: A, ActionBar, AddonPanel, Badge, Bar, Blockquote, Button, ClipboardCode, Code, DL, Div, DocumentWrapper, ErrorFormatter, FlexBar, Form, H1, H2, H3, H4, H5, H6, HR, IconButton, IconButtonSkeleton, Icons, Img, LI, Link, ListItem, Loader, OL, P, Placeholder, Pre, ResetWrapper, ScrollArea, Separator, Spaced, Span, StorybookIcon, StorybookLogo, Symbols, SyntaxHighlighter, TT, TabBar, TabButton, TabWrapper, Table, Tabs, TabsState, TooltipLinkList, TooltipMessage, TooltipNote, UL, WithTooltip, WithTooltipPure, Zoom, codeCommon, components, createCopyToClipboardFunction, getStoryHref, icons, interleaveSeparators, nameSpaceClassNames, resetComponents, withReset)
WARN export 'TabbedArgsTable' (imported as 'TabbedArgsTable') was not found in '@storybook/components' (possible exports: A, ActionBar, AddonPanel, Badge, Bar, Blockquote, Button, ClipboardCode, Code, DL, Div, DocumentWrapper, ErrorFormatter, FlexBar, Form, H1, H2, H3, H4, H5, H6, HR, IconButton, IconButtonSkeleton, Icons, Img, LI, Link, ListItem, Loader, OL, P, Placeholder, Pre, ResetWrapper, ScrollArea, Separator, Spaced, Span, StorybookIcon, StorybookLogo, Symbols, SyntaxHighlighter, TT, TabBar, TabButton, TabWrapper, Table, Tabs, TabsState, TooltipLinkList, TooltipMessage, TooltipNote, UL, WithTooltip, WithTooltipPure, Zoom, codeCommon, components, createCopyToClipboardFunction, getStoryHref, icons, interleaveSeparators, nameSpaceClassNames, resetComponents, withReset)
WARN export 'ArgsTable' (imported as 'PureArgsTable') was not found in '@storybook/components' (possible exports: A, ActionBar, AddonPanel, Badge, Bar, Blockquote, Button, ClipboardCode, Code, DL, Div, DocumentWrapper, ErrorFormatter, FlexBar, Form, H1, H2, H3, H4, H5, H6, HR, IconButton, IconButtonSkeleton, Icons, Img, LI, Link, ListItem, Loader, OL, P, Placeholder, Pre, ResetWrapper, ScrollArea, Separator, Spaced, Span, StorybookIcon, StorybookLogo, Symbols, SyntaxHighlighter, TT, TabBar, TabButton, TabWrapper, Table, Tabs, TabsState, TooltipLinkList, TooltipMessage, TooltipNote, UL, WithTooltip, WithTooltipPure, Zoom, codeCommon, components, createCopyToClipboardFunction, getStoryHref, icons, interleaveSeparators, nameSpaceClassNames, resetComponents, withReset)
WARN export 'TabbedArgsTable' (imported as 'TabbedArgsTable') was not found in '@storybook/components' (possible exports: A, ActionBar, AddonPanel, Badge, Bar, Blockquote, Button, ClipboardCode, Code, DL, Div, DocumentWrapper, ErrorFormatter, FlexBar, Form, H1, H2, H3, H4, H5, H6, HR, IconButton, IconButtonSkeleton, Icons, Img, LI, Link, ListItem, Loader, OL, P, Placeholder, Pre, ResetWrapper, ScrollArea, Separator, Spaced, Span, StorybookIcon, StorybookLogo, Symbols, SyntaxHighlighter, TT, TabBar, TabButton, TabWrapper, Table, Tabs, TabsState, TooltipLinkList, TooltipMessage, TooltipNote, UL, WithTooltip, WithTooltipPure, Zoom, codeCommon, components, createCopyToClipboardFunction, getStoryHref, icons, interleaveSeparators, nameSpaceClassNames, resetComponents, withReset)
WARN export 'ArgsTable' (imported as 'PureArgsTable') was not found in '@storybook/components' (possible exports: A, ActionBar, AddonPanel, Badge, Bar, Blockquote, Button, ClipboardCode, Code, DL, Div, DocumentWrapper, ErrorFormatter, FlexBar, Form, H1, H2, H3, H4, H5, H6, HR, IconButton, IconButtonSkeleton, Icons, Img, LI, Link, ListItem, Loader, OL, P, Placeholder, Pre, ResetWrapper, ScrollArea, Separator, Spaced, Span, StorybookIcon, StorybookLogo, Symbols, SyntaxHighlighter, TT, TabBar, TabButton, TabWrapper, Table, Tabs, TabsState, TooltipLinkList, TooltipMessage, TooltipNote, UL, WithTooltip, WithTooltipPure, Zoom, codeCommon, components, createCopyToClipboardFunction, getStoryHref, icons, interleaveSeparators, nameSpaceClassNames, resetComponents, withReset)
WARN export 'PreviewSkeleton' (imported as 'PreviewSkeleton') was not found in '@storybook/components' (possible exports: A, ActionBar, AddonPanel, Badge, Bar, Blockquote, Button, ClipboardCode, Code, DL, Div, DocumentWrapper, ErrorFormatter, FlexBar, Form, H1, H2, H3, H4, H5, H6, HR, IconButton, IconButtonSkeleton, Icons, Img, LI, Link, ListItem, Loader, OL, P, Placeholder, Pre, ResetWrapper, ScrollArea, Separator, Spaced, Span, StorybookIcon, StorybookLogo, Symbols, SyntaxHighlighter, TT, TabBar, TabButton, TabWrapper, Table, Tabs, TabsState, TooltipLinkList, TooltipMessage, TooltipNote, UL, WithTooltip, WithTooltipPure, Zoom, codeCommon, components, createCopyToClipboardFunction, getStoryHref, icons, interleaveSeparators, nameSpaceClassNames, resetComponents, withReset)
WARN export 'Preview' (imported as 'PurePreview') was not found in '@storybook/components' (possible exports: A, ActionBar, AddonPanel, Badge, Bar, Blockquote, Button, ClipboardCode, Code, DL, Div, DocumentWrapper, ErrorFormatter, FlexBar, Form, H1, H2, H3, H4, H5, H6, HR, IconButton, IconButtonSkeleton, Icons, Img, LI, Link, ListItem, Loader, OL, P, Placeholder, Pre, ResetWrapper, ScrollArea, Separator, Spaced, Span, StorybookIcon, StorybookLogo, Symbols, SyntaxHighlighter, TT, TabBar, TabButton, TabWrapper, Table, Tabs, TabsState, TooltipLinkList, TooltipMessage, TooltipNote, UL, WithTooltip, WithTooltipPure, Zoom, codeCommon, components, createCopyToClipboardFunction, getStoryHref, icons, interleaveSeparators, nameSpaceClassNames, resetComponents, withReset)
WARN export 'Description' (imported as 'Description') was not found in '@storybook/components' (possible exports: A, ActionBar, AddonPanel, Badge, Bar, Blockquote, Button, ClipboardCode, Code, DL, Div, DocumentWrapper, ErrorFormatter, FlexBar, Form, H1, H2, H3, H4, H5, H6, HR, IconButton, IconButtonSkeleton, Icons, Img, LI, Link, ListItem, Loader, OL, P, Placeholder, Pre, ResetWrapper, ScrollArea, Separator, Spaced, Span, StorybookIcon, StorybookLogo, Symbols, SyntaxHighlighter, TT, TabBar, TabButton, TabWrapper, Table, Tabs, TabsState, TooltipLinkList, TooltipMessage, TooltipNote, UL, WithTooltip, WithTooltipPure, Zoom, codeCommon, components, createCopyToClipboardFunction, getStoryHref, icons, interleaveSeparators, nameSpaceClassNames, resetComponents, withReset)
WARN export 'DocsWrapper' (imported as 'DocsWrapper') was not found in '@storybook/components' (possible exports: A, ActionBar, AddonPanel, Badge, Bar, Blockquote, Button, ClipboardCode, Code, DL, Div, DocumentWrapper, ErrorFormatter, FlexBar, Form, H1, H2, H3, H4, H5, H6, HR, IconButton, IconButtonSkeleton, Icons, Img, LI, Link, ListItem, Loader, OL, P, Placeholder, Pre, ResetWrapper, ScrollArea, Separator, Spaced, Span, StorybookIcon, StorybookLogo, Symbols, SyntaxHighlighter, TT, TabBar, TabButton, TabWrapper, Table, Tabs, TabsState, TooltipLinkList, TooltipMessage, TooltipNote, UL, WithTooltip, WithTooltipPure, Zoom, codeCommon, components, createCopyToClipboardFunction, getStoryHref, icons, interleaveSeparators, nameSpaceClassNames, resetComponents, withReset)
WARN export 'DocsContent' (imported as 'DocsContent') was not found in '@storybook/components' (possible exports: A, ActionBar, AddonPanel, Badge, Bar, Blockquote, Button, ClipboardCode, Code, DL, Div, DocumentWrapper, ErrorFormatter, FlexBar, Form, H1, H2, H3, H4, H5, H6, HR, IconButton, IconButtonSkeleton, Icons, Img, LI, Link, ListItem, Loader, OL, P, Placeholder, Pre, ResetWrapper, ScrollArea, Separator, Spaced, Span, StorybookIcon, StorybookLogo, Symbols, SyntaxHighlighter, TT, TabBar, TabButton, TabWrapper, Table, Tabs, TabsState, TooltipLinkList, TooltipMessage, TooltipNote, UL, WithTooltip, WithTooltipPure, Zoom, codeCommon, components, createCopyToClipboardFunction, getStoryHref, icons, interleaveSeparators, nameSpaceClassNames, resetComponents, withReset)
WARN export 'SourceError' (imported as 'SourceError') was not found in '@storybook/components' (possible exports: A, ActionBar, AddonPanel, Badge, Bar, Blockquote, Button, ClipboardCode, Code, DL, Div, DocumentWrapper, ErrorFormatter, FlexBar, Form, H1, H2, H3, H4, H5, H6, HR, IconButton, IconButtonSkeleton, Icons, Img, LI, Link, ListItem, Loader, OL, P, Placeholder, Pre, ResetWrapper, ScrollArea, Separator, Spaced, Span, StorybookIcon, StorybookLogo, Symbols, SyntaxHighlighter, TT, TabBar, TabButton, TabWrapper, Table, Tabs, TabsState, TooltipLinkList, TooltipMessage, TooltipNote, UL, WithTooltip, WithTooltipPure, Zoom, codeCommon, components, createCopyToClipboardFunction, getStoryHref, icons, interleaveSeparators, nameSpaceClassNames, resetComponents, withReset)
WARN export 'SourceError' (imported as 'SourceError') was not found in '@storybook/components' (possible exports: A, ActionBar, AddonPanel, Badge, Bar, Blockquote, Button, ClipboardCode, Code, DL, Div, DocumentWrapper, ErrorFormatter, FlexBar, Form, H1, H2, H3, H4, H5, H6, HR, IconButton, IconButtonSkeleton, Icons, Img, LI, Link, ListItem, Loader, OL, P, Placeholder, Pre, ResetWrapper, ScrollArea, Separator, Spaced, Span, StorybookIcon, StorybookLogo, Symbols, SyntaxHighlighter, TT, TabBar, TabButton, TabWrapper, Table, Tabs, TabsState, TooltipLinkList, TooltipMessage, TooltipNote, UL, WithTooltip, WithTooltipPure, Zoom, codeCommon, components, createCopyToClipboardFunction, getStoryHref, icons, interleaveSeparators, nameSpaceClassNames, resetComponents, withReset)
WARN export 'Source' (imported as 'PureSource') was not found in '@storybook/components' (possible exports: A, ActionBar, AddonPanel, Badge, Bar, Blockquote, Button, ClipboardCode, Code, DL, Div, DocumentWrapper, ErrorFormatter, FlexBar, Form, H1, H2, H3, H4, H5, H6, HR, IconButton, IconButtonSkeleton, Icons, Img, LI, Link, ListItem, Loader, OL, P, Placeholder, Pre, ResetWrapper, ScrollArea, Separator, Spaced, Span, StorybookIcon, StorybookLogo, Symbols, SyntaxHighlighter, TT, TabBar, TabButton, TabWrapper, Table, Tabs, TabsState, TooltipLinkList, TooltipMessage, TooltipNote, UL, WithTooltip, WithTooltipPure, Zoom, codeCommon, components, createCopyToClipboardFunction, getStoryHref, icons, interleaveSeparators, nameSpaceClassNames, resetComponents, withReset)
WARN export 'StorySkeleton' (imported as 'StorySkeleton') was not found in '@storybook/components' (possible exports: A, ActionBar, AddonPanel, Badge, Bar, Blockquote, Button, ClipboardCode, Code, DL, Div, DocumentWrapper, ErrorFormatter, FlexBar, Form, H1, H2, H3, H4, H5, H6, HR, IconButton, IconButtonSkeleton, Icons, Img, LI, Link, ListItem, Loader, OL, P, Placeholder, Pre, ResetWrapper, ScrollArea, Separator, Spaced, Span, StorybookIcon, StorybookLogo, Symbols, SyntaxHighlighter, TT, TabBar, TabButton, TabWrapper, Table, Tabs, TabsState, TooltipLinkList, TooltipMessage, TooltipNote, UL, WithTooltip, WithTooltipPure, Zoom, codeCommon, components, createCopyToClipboardFunction, getStoryHref, icons, interleaveSeparators, nameSpaceClassNames, resetComponents, withReset)
WARN export 'StorySkeleton' (imported as 'StorySkeleton') was not found in '@storybook/components' (possible exports: A, ActionBar, AddonPanel, Badge, Bar, Blockquote, Button, ClipboardCode, Code, DL, Div, DocumentWrapper, ErrorFormatter, FlexBar, Form, H1, H2, H3, H4, H5, H6, HR, IconButton, IconButtonSkeleton, Icons, Img, LI, Link, ListItem, Loader, OL, P, Placeholder, Pre, ResetWrapper, ScrollArea, Separator, Spaced, Span, StorybookIcon, StorybookLogo, Symbols, SyntaxHighlighter, TT, TabBar, TabButton, TabWrapper, Table, Tabs, TabsState, TooltipLinkList, TooltipMessage, TooltipNote, UL, WithTooltip, WithTooltipPure, Zoom, codeCommon, components, createCopyToClipboardFunction, getStoryHref, icons, interleaveSeparators, nameSpaceClassNames, resetComponents, withReset)
WARN export 'Story' (imported as 'PureStory') was not found in '@storybook/components' (possible exports: A, ActionBar, AddonPanel, Badge, Bar, Blockquote, Button, ClipboardCode, Code, DL, Div, DocumentWrapper, ErrorFormatter, FlexBar, Form, H1, H2, H3, H4, H5, H6, HR, IconButton, IconButtonSkeleton, Icons, Img, LI, Link, ListItem, Loader, OL, P, Placeholder, Pre, ResetWrapper, ScrollArea, Separator, Spaced, Span, StorybookIcon, StorybookLogo, Symbols, SyntaxHighlighter, TT, TabBar, TabButton, TabWrapper, Table, Tabs, TabsState, TooltipLinkList, TooltipMessage, TooltipNote, UL, WithTooltip, WithTooltipPure, Zoom, codeCommon, components, createCopyToClipboardFunction, getStoryHref, icons, interleaveSeparators, nameSpaceClassNames, resetComponents, withReset)
WARN export 'Subtitle' (imported as 'PureSubtitle') was not found in '@storybook/components' (possible exports: A, ActionBar, AddonPanel, Badge, Bar, Blockquote, Button, ClipboardCode, Code, DL, Div, DocumentWrapper, ErrorFormatter, FlexBar, Form, H1, H2, H3, H4, H5, H6, HR, IconButton, IconButtonSkeleton, Icons, Img, LI, Link, ListItem, Loader, OL, P, Placeholder, Pre, ResetWrapper, ScrollArea, Separator, Spaced, Span, StorybookIcon, StorybookLogo, Symbols, SyntaxHighlighter, TT, TabBar, TabButton, TabWrapper, Table, Tabs, TabsState, TooltipLinkList, TooltipMessage, TooltipNote, UL, WithTooltip, WithTooltipPure, Zoom, codeCommon, components, createCopyToClipboardFunction, getStoryHref, icons, interleaveSeparators, nameSpaceClassNames, resetComponents, withReset)
WARN export 'Title' (imported as 'PureTitle') was not found in '@storybook/components' (possible exports: A, ActionBar, AddonPanel, Badge, Bar, Blockquote, Button, ClipboardCode, Code, DL, Div, DocumentWrapper, ErrorFormatter, FlexBar, Form, H1, H2, H3, H4, H5, H6, HR, IconButton, IconButtonSkeleton, Icons, Img, LI, Link, ListItem, Loader, OL, P, Placeholder, Pre, ResetWrapper, ScrollArea, Separator, Spaced, Span, StorybookIcon, StorybookLogo, Symbols, SyntaxHighlighter, TT, TabBar, TabButton, TabWrapper, Table, Tabs, TabsState, TooltipLinkList, TooltipMessage, TooltipNote, UL, WithTooltip, WithTooltipPure, Zoom, codeCommon, components, createCopyToClipboardFunction, getStoryHref, icons, interleaveSeparators, nameSpaceClassNames, resetComponents, withReset)
WARN export 'ColorPalette' (reexported as 'ColorPalette') was not found in '@storybook/components' (possible exports: A, ActionBar, AddonPanel, Badge, Bar, Blockquote, Button, ClipboardCode, Code, DL, Div, DocumentWrapper, ErrorFormatter, FlexBar, Form, H1, H2, H3, H4, H5, H6, HR, IconButton, IconButtonSkeleton, Icons, Img, LI, Link, ListItem, Loader, OL, P, Placeholder, Pre, ResetWrapper, ScrollArea, Separator, Spaced, Span, StorybookIcon, StorybookLogo, Symbols, SyntaxHighlighter, TT, TabBar, TabButton, TabWrapper, Table, Tabs, TabsState, TooltipLinkList, TooltipMessage, TooltipNote, UL, WithTooltip, WithTooltipPure, Zoom, codeCommon, components, createCopyToClipboardFunction, getStoryHref, icons, interleaveSeparators, nameSpaceClassNames, resetComponents, withReset)
WARN export 'ColorItem' (reexported as 'ColorItem') was not found in '@storybook/components' (possible exports: A, ActionBar, AddonPanel, Badge, Bar, Blockquote, Button, ClipboardCode, Code, DL, Div, DocumentWrapper, ErrorFormatter, FlexBar, Form, H1, H2, H3, H4, H5, H6, HR, IconButton, IconButtonSkeleton, Icons, Img, LI, Link, ListItem, Loader, OL, P, Placeholder, Pre, ResetWrapper, ScrollArea, Separator, Spaced, Span, StorybookIcon, StorybookLogo, Symbols, SyntaxHighlighter, TT, TabBar, TabButton, TabWrapper, Table, Tabs, TabsState, TooltipLinkList, TooltipMessage, TooltipNote, UL, WithTooltip, WithTooltipPure, Zoom, codeCommon, components, createCopyToClipboardFunction, getStoryHref, icons, interleaveSeparators, nameSpaceClassNames, resetComponents, withReset)
WARN export 'IconGallery' (reexported as 'IconGallery') was not found in '@storybook/components' (possible exports: A, ActionBar, AddonPanel, Badge, Bar, Blockquote, Button, ClipboardCode, Code, DL, Div, DocumentWrapper, ErrorFormatter, FlexBar, Form, H1, H2, H3, H4, H5, H6, HR, IconButton, IconButtonSkeleton, Icons, Img, LI, Link, ListItem, Loader, OL, P, Placeholder, Pre, ResetWrapper, ScrollArea, Separator, Spaced, Span, StorybookIcon, StorybookLogo, Symbols, SyntaxHighlighter, TT, TabBar, TabButton, TabWrapper, Table, Tabs, TabsState, TooltipLinkList, TooltipMessage, TooltipNote, UL, WithTooltip, WithTooltipPure, Zoom, codeCommon, components, createCopyToClipboardFunction, getStoryHref, icons, interleaveSeparators, nameSpaceClassNames, resetComponents, withReset)
WARN export 'IconItem' (reexported as 'IconItem') was not found in '@storybook/components' (possible exports: A, ActionBar, AddonPanel, Badge, Bar, Blockquote, Button, ClipboardCode, Code, DL, Div, DocumentWrapper, ErrorFormatter, FlexBar, Form, H1, H2, H3, H4, H5, H6, HR, IconButton, IconButtonSkeleton, Icons, Img, LI, Link, ListItem, Loader, OL, P, Placeholder, Pre, ResetWrapper, ScrollArea, Separator, Spaced, Span, StorybookIcon, StorybookLogo, Symbols, SyntaxHighlighter, TT, TabBar, TabButton, TabWrapper, Table, Tabs, TabsState, TooltipLinkList, TooltipMessage, TooltipNote, UL, WithTooltip, WithTooltipPure, Zoom, codeCommon, components, createCopyToClipboardFunction, getStoryHref, icons, interleaveSeparators, nameSpaceClassNames, resetComponents, withReset)
WARN export 'Typeset' (reexported as 'Typeset') was not found in '@storybook/components' (possible exports: A, ActionBar, AddonPanel, Badge, Bar, Blockquote, Button, ClipboardCode, Code, DL, Div, DocumentWrapper, ErrorFormatter, FlexBar, Form, H1, H2, H3, H4, H5, H6, HR, IconButton, IconButtonSkeleton, Icons, Img, LI, Link, ListItem, Loader, OL, P, Placeholder, Pre, ResetWrapper, ScrollArea, Separator, Spaced, Span, StorybookIcon, StorybookLogo, Symbols, SyntaxHighlighter, TT, TabBar, TabButton, TabWrapper, Table, Tabs, TabsState, TooltipLinkList, TooltipMessage, TooltipNote, UL, WithTooltip, WithTooltipPure, Zoom, codeCommon, components, createCopyToClipboardFunction, getStoryHref, icons, interleaveSeparators, nameSpaceClassNames, resetComponents, withReset)
WARN export 'Source' (imported as 'Source') was not found in '@storybook/components' (possible exports: A, ActionBar, AddonPanel, Badge, Bar, Blockquote, Button, ClipboardCode, Code, DL, Div, DocumentWrapper, ErrorFormatter, FlexBar, Form, H1, H2, H3, H4, H5, H6, HR, IconButton, IconButtonSkeleton, Icons, Img, LI, Link, ListItem, Loader, OL, P, Placeholder, Pre, ResetWrapper, ScrollArea, Separator, Spaced, Span, StorybookIcon, StorybookLogo, Symbols, SyntaxHighlighter, TT, TabBar, TabButton, TabWrapper, Table, Tabs, TabsState, TooltipLinkList, TooltipMessage, TooltipNote, UL, WithTooltip, WithTooltipPure, Zoom, codeCommon, components, createCopyToClipboardFunction, getStoryHref, icons, interleaveSeparators, nameSpaceClassNames, resetComponents, withReset)
WARN [eslint] 
WARN src\components\AbandonedCart.tsx
WARN   Line 4:9:    'Button' is defined but never used                                                                                                                                                                                                                                                                                                                                        @typescript-eslint/no-unused-vars
WARN   Line 31:9:   Redundant alt attribute. Screen-readers already announce `img` tags as an image. You dont need to use the words `image`, `photo,` or `picture` (or any specified custom words) in the alt prop                                                                                                                                                                           jsx-a11y/img-redundant-alt
WARN   Line 53:13:  The href attribute is required for an anchor to be keyboard accessible. Provide a valid, navigable address as the href value. If you cannot provide an href, but still need the element to resemble a link, use a button and change it with appropriate styles. Learn more: https://github.com/jsx-eslint/eslint-plugin-jsx-a11y/blob/HEAD/docs/rules/anchor-is-valid.md  jsx-a11y/anchor-is-valid
WARN 
WARN src\components\Accordion.tsx
WARN   Line 23:9:  img elements must have an alt prop, either with meaningful text, or an empty string for decorative images  jsx-a11y/alt-text
WARN   Line 24:9:  img elements must have an alt prop, either with meaningful text, or an empty string for decorative images  jsx-a11y/alt-text
WARN 
WARN src\components\Dropdown.tsx
WARN   Line 3:8:  'Chevron' is defined but never used  @typescript-eslint/no-unused-vars
WARN 
WARN src\components\Filter.tsx
WARN   Line 30:29:  img elements must have an alt prop, either with meaningful text, or an empty string for decorative images  jsx-a11y/alt-text
WARN 
WARN src\components\PlanCards.tsx
WARN   Line 34:25:  img elements must have an alt prop, either with meaningful text, or an empty string for decorative images                                                                                                                                                                                                                                                                 jsx-a11y/alt-text
WARN   Line 43:25:  img elements must have an alt prop, either with meaningful text, or an empty string for decorative images                                                                                                                                                                                                                                                                 jsx-a11y/alt-text
WARN   Line 53:20:  The href attribute is required for an anchor to be keyboard accessible. Provide a valid, navigable address as the href value. If you cannot provide an href, but still need the element to resemble a link, use a button and change it with appropriate styles. Learn more: https://github.com/jsx-eslint/eslint-plugin-jsx-a11y/blob/HEAD/docs/rules/anchor-is-valid.md  jsx-a11y/anchor-is-valid
WARN   Line 54:20:  The href attribute is required for an anchor to be keyboard accessible. Provide a valid, navigable address as the href value. If you cannot provide an href, but still need the element to resemble a link, use a button and change it with appropriate styles. Learn more: https://github.com/jsx-eslint/eslint-plugin-jsx-a11y/blob/HEAD/docs/rules/anchor-is-valid.md  jsx-a11y/anchor-is-valid
WARN 
WARN src\components\SelectSIM.tsx
WARN   Line 32:25:  img elements must have an alt prop, either with meaningful text, or an empty string for decorative images  jsx-a11y/alt-text
WARN   Line 56:17:  img elements must have an alt prop, either with meaningful text, or an empty string for decorative images  jsx-a11y/alt-text
WARN 
WARN src\components\StickyCart.tsx
WARN   Line 9:27:   Unexpected empty object pattern                                                                            no-empty-pattern
WARN   Line 23:69:  img elements must have an alt prop, either with meaningful text, or an empty string for decorative images  jsx-a11y/alt-text
WARN 
WARN src\components\Tasklist.tsx
WARN   Line 2:10:  'useDispatch' is defined but never used  @typescript-eslint/no-unused-vars
WARN   Line 2:23:  'useSelector' is defined but never used  @typescript-eslint/no-unused-vars
WARN 
WARN src\components\Textfield.tsx
WARN   Line 23:10:  'isEmpty' is assigned a value but never used     @typescript-eslint/no-unused-vars
WARN   Line 24:10:  'inputValue' is assigned a value but never used  @typescript-eslint/no-unused-vars
WARN 
WARN src\stories\AbandonedCart.stories.ts
WARN   Line 2:10:  'text' is defined but never used  @typescript-eslint/no-unused-vars
WARN 
WARN src\stories\Accordion.stories.ts
WARN   Line 2:10:  'button' is defined but never used  @typescript-eslint/no-unused-vars
WARN 
WARN src\stories\Button.stories.ts
WARN   Line 2:10:  'button' is defined but never used  @typescript-eslint/no-unused-vars
WARN   Line 4:10:  'string' is defined but never used  @typescript-eslint/no-unused-vars
WARN 
WARN src\stories\Dropdown.stories.ts
WARN   Line 3:10:  'within' is defined but never used     @typescript-eslint/no-unused-vars
WARN   Line 3:18:  'userEvent' is defined but never used  @typescript-eslint/no-unused-vars
WARN   Line 4:10:  'expect' is defined but never used     @typescript-eslint/no-unused-vars
WARN 
WARN src\stories\PlanCards.stories.ts
WARN   Line 2:10:  'button' is defined but never used  @typescript-eslint/no-unused-vars
WARN 
WARN src\stories\Stepper.stories.ts
WARN   Line 2:10:  'button' is defined but never used  @typescript-eslint/no-unused-vars
WARN 
WARN src\stories\StickyCart.stories.ts
WARN   Line 3:10:  'within' is defined but never used     @typescript-eslint/no-unused-vars
WARN   Line 3:18:  'userEvent' is defined but never used  @typescript-eslint/no-unused-vars
WARN   Line 4:10:  'expect' is defined but never used     @typescript-eslint/no-unused-vars
WARN 
WARN src\stories\Textfield.stories.ts
WARN   Line 73:13:  'nameInput' is assigned a value but never used  @typescript-eslint/no-unused-vars
WARN 
WARN 
WARN asset size limit: The following asset(s) exceed the recommended size limit (244 KiB).
WARN This can impact web performance.
WARN Assets: 
WARN   7a58d2cb9a6358f85e9b.png (456 KiB)
WARN   design-tokens.source.json (1.2 MiB)
WARN   9115.9cc30483.iframe.bundle.js (759 KiB)
WARN   8077.fba47bd0.iframe.bundle.js (583 KiB)
WARN   6967.29b99586.iframe.bundle.js (595 KiB)
WARN   878.272a208b.iframe.bundle.js (431 KiB)
WARN   4941.09c653f0.iframe.bundle.js (381 KiB)
WARN   8615.814961ed.iframe.bundle.js (301 KiB)
WARN   7670.ad9ed67e.iframe.bundle.js (883 KiB)
WARN entrypoint size limit: The following entrypoint(s) combined asset size exceeds the recommended limit (244 KiB). This can impact web performance.
WARN Entrypoints:
WARN   main (903 KiB)
WARN       runtime~main.c0d7ad17.iframe.bundle.js
WARN       7670.ad9ed67e.iframe.bundle.js
WARN       main.258106dc.iframe.bundle.js
WARN 
<s> [webpack.Progress] 99% cache shutdown
<s> [webpack.Progress] 99% cache shutdown
<s> [webpack.Progress] 100% 

info => Output directory: C:\Users\KATHAR~1.HE\AppData\Local\Temp\chromatic--54948-nw04HlL7kyye
